<?xml version="1.0" encoding="UTF-8"?>
<!-- Generated by org.testng.reporters.JUnitReportReporter -->
<testsuite hostname="DESKTOP-937A02R" failures="0" tests="3" name="com.qa.TestCase.ContactsPageTest" time="210.523" errors="0" timestamp="23 Aug 2018 05:46:28 GMT" skipped="0">
  <testcase classname="com.qa.TestCase.ContactsPageTest" name="verifynewcontactlabel" time="99.556"/>
  <testcase classname="com.qa.TestCase.ContactsPageTest" name="verifyrecordtable" time="50.540"/>
  <testcase classname="com.qa.TestCase.ContactsPageTest" name="verifycontactlabel" time="60.427"/>
</testsuite> <!-- com.qa.TestCase.ContactsPageTest -->
