<?xml version="1.0" encoding="UTF-8"?>
<!-- Generated by org.testng.reporters.JUnitReportReporter -->
<testsuite hostname="DESKTOP-937A02R" failures="0" tests="1" name="com.qa.TestCase.ContactPageTest" time="85.461" errors="0" timestamp="26 Aug 2018 07:18:14 GMT" skipped="0">
  <testcase classname="com.qa.TestCase.ContactPageTest" name="verifycontactlabel" time="85.461"/>
</testsuite> <!-- com.qa.TestCase.ContactPageTest -->
