<?xml version="1.0" encoding="UTF-8"?>
<!-- Generated by org.testng.reporters.JUnitReportReporter -->
<testsuite hostname="DESKTOP-937A02R" failures="0" tests="4" name="com.qa.TestCase.ContactPageTest" time="94.708" errors="0" timestamp="28 Aug 2018 05:32:44 GMT" skipped="1">
  <testcase classname="com.qa.TestCase.ContactPageTest" name="verifycontactlabel" time="36.380"/>
  <testcase classname="com.qa.TestCase.ContactPageTest" name="validateFillForm" time="27.393">
    <skipped/>
  </testcase> <!-- validateFillForm -->
  <testcase classname="com.qa.TestCase.ContactPageTest" name="verifynewcontactlabel" time="30.861"/>
  <testcase classname="com.qa.TestCase.ContactPageTest" name="verifyrecordtable" time="0.074"/>
</testsuite> <!-- com.qa.TestCase.ContactPageTest -->
