<?xml version="1.0" encoding="UTF-8"?>
<!-- Generated by org.testng.reporters.JUnitReportReporter -->
<testsuite hostname="DESKTOP-937A02R" failures="0" tests="4" name="com.qa.TestCase.HomePageTest" time="143.131" errors="0" timestamp="28 Aug 2018 06:08:26 GMT" skipped="0">
  <testcase classname="com.qa.TestCase.HomePageTest" name="logotextTest" time="28.132"/>
  <testcase classname="com.qa.TestCase.HomePageTest" name="contactsTest" time="31.013"/>
  <testcase classname="com.qa.TestCase.HomePageTest" name="searchTest" time="60.953"/>
  <testcase classname="com.qa.TestCase.HomePageTest" name="upgradeaccountTest" time="23.033"/>
</testsuite> <!-- com.qa.TestCase.HomePageTest -->
